Watching for file changes with StatReloader
[01/Jun/2026 12:17:17] "GET /api/health/ HTTP/1.1" 200 47
[01/Jun/2026 12:17:18,010] - Broken pipe from ('127.0.0.1', 59357)
[01/Jun/2026 12:17:35] "GET /api/health/ HTTP/1.1" 200 47
[01/Jun/2026 12:17:36,091] - Broken pipe from ('127.0.0.1', 59381)
[01/Jun/2026 12:23:00] "GET /api/health/ HTTP/1.1" 200 5299
Not Found: /
[01/Jun/2026 12:23:01] "GET / HTTP/1.1" 404 3165
[01/Jun/2026 12:23:01] "GET /api/health HTTP/1.1" 301 0
[01/Jun/2026 12:23:01] "GET /static/rest_framework/css/bootstrap.min.css HTTP/1.1" 200 121457
Not Found: /accounting/journal
Not Found: /accounts/register
[01/Jun/2026 12:23:01] "GET /accounting/journal HTTP/1.1" 404 3237
Not Found: /logout
[01/Jun/2026 12:23:01] "GET /admin HTTP/1.1" 301 0
Not Found: /accounting/cash/transfer
Not Found: /accounting/cash/new
[01/Jun/2026 12:23:01] "GET /accounts/register HTTP/1.1" 404 3234
Not Found: /platform/verify
[01/Jun/2026 12:23:01] "GET /static/rest_framework/js/csrf.js HTTP/1.1" 200 1793
Not Found: /login
[01/Jun/2026 12:23:01] "GET /logout HTTP/1.1" 404 3201
[01/Jun/2026 12:23:01] "GET /accounting/cash/transfer HTTP/1.1" 404 3255
[01/Jun/2026 12:23:01] "GET /admin/ HTTP/1.1" 302 0
[01/Jun/2026 12:23:01] "GET /static/rest_framework/css/bootstrap-tweaks.css HTTP/1.1" 200 3426
[01/Jun/2026 12:23:01] "GET /api/health/ HTTP/1.1" 200 5299
[01/Jun/2026 12:23:01] "GET /accounting/cash/new HTTP/1.1" 404 3240
[01/Jun/2026 12:23:01] "GET /platform/verify HTTP/1.1" 404 3228
[01/Jun/2026 12:23:01] "GET /login HTTP/1.1" 404 3198
[01/Jun/2026 12:23:01] "GET /static/rest_framework/css/prettify.css HTTP/1.1" 200 817
[01/Jun/2026 12:23:01] "GET /static/rest_framework/js/default.js HTTP/1.1" 200 1268
[01/Jun/2026 12:23:01] "GET /static/rest_framework/js/prettify-min.js HTTP/1.1" 200 13632
[01/Jun/2026 12:23:01] "GET /static/rest_framework/css/default.css HTTP/1.1" 200 1152
[01/Jun/2026 12:23:01] "GET /static/rest_framework/js/bootstrap.min.js HTTP/1.1" 200 39680
[01/Jun/2026 12:23:01] "GET /static/rest_framework/js/load-ajax-form.js HTTP/1.1" 200 59
[01/Jun/2026 12:23:01] "GET /static/rest_framework/img/grid.png HTTP/1.1" 200 1458
[01/Jun/2026 12:23:01] "GET /static/rest_framework/js/ajax-form.js HTTP/1.1" 200 3796
[01/Jun/2026 12:23:01] "GET /static/rest_framework/js/jquery-3.7.1.min.js HTTP/1.1" 200 87533
[01/Jun/2026 12:23:01] "GET /admin/login/?next=/admin/ HTTP/1.1" 200 4311
[01/Jun/2026 12:23:06] "GET /admin/ HTTP/1.1" 302 0
[01/Jun/2026 12:23:06] "GET /admin HTTP/1.1" 301 0
[01/Jun/2026 12:23:06] "GET /admin/ HTTP/1.1" 302 0
[01/Jun/2026 12:23:06] "GET /admin/login/?next=/admin/ HTTP/1.1" 200 4311
[01/Jun/2026 12:23:06] "GET /admin/login/?next=/admin/ HTTP/1.1" 200 4311
[01/Jun/2026 12:23:06] "GET /static/admin/css/login.css HTTP/1.1" 304 0
[01/Jun/2026 12:23:06] "GET /static/admin/css/dark_mode.css HTTP/1.1" 304 0
[01/Jun/2026 12:23:06] "GET /static/admin/css/nav_sidebar.css HTTP/1.1" 304 0
[01/Jun/2026 12:23:06] "GET /static/admin/css/rtl.css HTTP/1.1" 304 0
[01/Jun/2026 12:23:06] "GET /static/admin/css/base.css HTTP/1.1" 304 0
[01/Jun/2026 12:23:06] "GET /static/admin/js/theme.js HTTP/1.1" 304 0
[01/Jun/2026 12:23:06] "GET /static/admin/css/responsive.css HTTP/1.1" 304 0
[01/Jun/2026 12:23:06] "GET /static/admin/css/responsive_rtl.css HTTP/1.1" 304 0
[01/Jun/2026 12:23:06] "GET /static/admin/js/nav_sidebar.js HTTP/1.1" 304 0
Not Found: /
[01/Jun/2026 12:23:06] "GET / HTTP/1.1" 404 3165
[01/Jun/2026 12:23:06] "GET /admin HTTP/1.1" 301 0
[01/Jun/2026 12:23:06] "GET /api/health HTTP/1.1" 301 0
[01/Jun/2026 12:23:06] "GET /admin/ HTTP/1.1" 302 0
[01/Jun/2026 12:23:06] "GET /api/health/ HTTP/1.1" 200 5299
[01/Jun/2026 12:23:06] "GET /admin/login/?next=/admin/ HTTP/1.1" 200 4311
[01/Jun/2026 12:23:20] "GET /api/health/ HTTP/1.1" 200 5299
[01/Jun/2026 12:23:20] "GET /api/health HTTP/1.1" 301 0
[01/Jun/2026 12:23:20] "GET /api/health/ HTTP/1.1" 200 5299
Not Found: /
[01/Jun/2026 12:23:20] "GET / HTTP/1.1" 404 3165
[01/Jun/2026 12:23:20] "GET /api/health HTTP/1.1" 301 0
[01/Jun/2026 12:23:20] "GET /admin HTTP/1.1" 301 0
[01/Jun/2026 12:23:20] "GET /api/health/ HTTP/1.1" 200 5299
[01/Jun/2026 12:23:20] "GET /admin/ HTTP/1.1" 302 0
[01/Jun/2026 12:23:20] "GET /admin/login/?next=/admin/ HTTP/1.1" 200 4311
Not Found: /
[01/Jun/2026 12:23:27] "GET / HTTP/1.1" 404 3165
Not Found: /
[01/Jun/2026 12:23:28] "GET / HTTP/1.1" 404 3165
[01/Jun/2026 12:23:28] "GET /api/health HTTP/1.1" 301 0
[01/Jun/2026 12:23:28] "GET /admin HTTP/1.1" 301 0
[01/Jun/2026 12:23:28] "GET /api/health/ HTTP/1.1" 200 5299
[01/Jun/2026 12:23:28] "GET /admin/ HTTP/1.1" 302 0
[01/Jun/2026 12:23:28] "GET /admin/login/?next=/admin/ HTTP/1.1" 200 4311
[01/Jun/2026 12:24:18] "GET /api/health/ HTTP/1.1" 200 5299
[01/Jun/2026 12:24:18] "GET /static/rest_framework/js/jquery-3.7.1.min.js HTTP/1.1" 304 0
[01/Jun/2026 12:24:18] "GET /static/rest_framework/css/default.css HTTP/1.1" 304 0
[01/Jun/2026 12:24:18] "GET /static/rest_framework/css/bootstrap.min.css HTTP/1.1" 304 0
[01/Jun/2026 12:24:18] "GET /static/rest_framework/css/bootstrap-tweaks.css HTTP/1.1" 304 0
[01/Jun/2026 12:24:18] "GET /static/rest_framework/css/prettify.css HTTP/1.1" 304 0
[01/Jun/2026 12:24:18] "GET /api/health HTTP/1.1" 301 0
[01/Jun/2026 12:24:18] "GET /static/rest_framework/js/ajax-form.js HTTP/1.1" 304 0
[01/Jun/2026 12:24:18] "GET /static/rest_framework/js/prettify-min.js HTTP/1.1" 304 0
[01/Jun/2026 12:24:18] "GET /static/rest_framework/js/load-ajax-form.js HTTP/1.1" 304 0
[01/Jun/2026 12:24:18] "GET /static/rest_framework/js/csrf.js HTTP/1.1" 304 0
[01/Jun/2026 12:24:18] "GET /static/rest_framework/js/default.js HTTP/1.1" 304 0
[01/Jun/2026 12:24:18] "GET /static/rest_framework/js/bootstrap.min.js HTTP/1.1" 304 0
[01/Jun/2026 12:24:18] "GET /api/health/ HTTP/1.1" 200 5299
Not Found: /
[01/Jun/2026 12:24:18] "GET / HTTP/1.1" 404 3165
[01/Jun/2026 12:24:18] "GET /api/health HTTP/1.1" 301 0
[01/Jun/2026 12:24:18] "GET /admin HTTP/1.1" 301 0
[01/Jun/2026 12:24:18] "GET /api/health/ HTTP/1.1" 200 5299
[01/Jun/2026 12:24:18] "GET /admin/ HTTP/1.1" 302 0
[01/Jun/2026 12:24:18] "GET /admin/login/?next=/admin/ HTTP/1.1" 200 4311
[01/Jun/2026 12:24:52] "GET /api/health/ HTTP/1.1" 200 5299
[01/Jun/2026 12:24:53] "GET /api/health/ HTTP/1.1" 200 5299
[01/Jun/2026 12:24:55] "OPTIONS /api/health/ HTTP/1.1" 200 5558
[01/Jun/2026 12:25:00] "GET /api/health/ HTTP/1.1" 200 5299
[01/Jun/2026 12:25:01] "GET /api/health/ HTTP/1.1" 200 5299
[01/Jun/2026 12:25:04] "GET /api/health/?format=api HTTP/1.1" 200 5354
[01/Jun/2026 12:25:06] "OPTIONS /api/health/?format=api HTTP/1.1" 200 5613
[01/Jun/2026 12:27:08] "GET /admin/ HTTP/1.1" 302 0
[01/Jun/2026 12:27:08] "GET /admin/login/?next=/admin/ HTTP/1.1" 200 4311
[01/Jun/2026 12:27:08] "GET /admin HTTP/1.1" 301 0
[01/Jun/2026 12:27:08] "GET /admin/ HTTP/1.1" 302 0
[01/Jun/2026 12:27:08] "GET /admin/login/?next=/admin/ HTTP/1.1" 200 4311
[01/Jun/2026 12:27:20] "POST /admin/login/?next=/admin/ HTTP/1.1" 200 4529
[01/Jun/2026 12:56:10] "GET /api/health/ HTTP/1.1" 200 5299
[01/Jun/2026 12:56:10] "GET /api/health HTTP/1.1" 301 0
[01/Jun/2026 12:56:10] "GET /static/rest_framework/css/bootstrap.min.css HTTP/1.1" 304 0
[01/Jun/2026 12:56:10] "GET /static/rest_framework/css/bootstrap-tweaks.css HTTP/1.1" 304 0
[01/Jun/2026 12:56:10] "GET /static/rest_framework/css/prettify.css HTTP/1.1" 304 0
[01/Jun/2026 12:56:10] "GET /static/rest_framework/css/default.css HTTP/1.1" 304 0
[01/Jun/2026 12:56:10] "GET /static/rest_framework/js/csrf.js HTTP/1.1" 304 0
[01/Jun/2026 12:56:10] "GET /static/rest_framework/js/jquery-3.7.1.min.js HTTP/1.1" 304 0
[01/Jun/2026 12:56:10] "GET /static/rest_framework/js/bootstrap.min.js HTTP/1.1" 304 0
[01/Jun/2026 12:56:10] "GET /static/rest_framework/js/ajax-form.js HTTP/1.1" 304 0
[01/Jun/2026 12:56:10] "GET /static/rest_framework/js/prettify-min.js HTTP/1.1" 304 0
[01/Jun/2026 12:56:10] "GET /static/rest_framework/js/default.js HTTP/1.1" 304 0
[01/Jun/2026 12:56:10] "GET /static/rest_framework/js/load-ajax-form.js HTTP/1.1" 304 0
[01/Jun/2026 12:56:10] "GET /api/health/ HTTP/1.1" 200 5299
Not Found: /
[01/Jun/2026 12:56:10] "GET / HTTP/1.1" 404 3165
[01/Jun/2026 12:56:10] "GET /api/health HTTP/1.1" 301 0
[01/Jun/2026 12:56:10] "GET /admin HTTP/1.1" 301 0
[01/Jun/2026 12:56:10] "GET /api/health/ HTTP/1.1" 200 5299
[01/Jun/2026 12:56:10] "GET /admin/ HTTP/1.1" 302 0
[01/Jun/2026 12:56:10] "GET /admin/login/?next=/admin/ HTTP/1.1" 200 4311
[01/Jun/2026 12:56:12] "GET /admin/ HTTP/1.1" 302 0
[01/Jun/2026 12:56:12] "GET /admin HTTP/1.1" 301 0
[01/Jun/2026 12:56:12] "GET /admin/ HTTP/1.1" 302 0
[01/Jun/2026 12:56:12] "GET /admin/login/?next=/admin/ HTTP/1.1" 200 4311
[01/Jun/2026 12:56:12] "GET /admin/login/?next=/admin/ HTTP/1.1" 200 4311
Not Found: /
[01/Jun/2026 12:56:12] "GET / HTTP/1.1" 404 3165
[01/Jun/2026 12:56:12] "GET /admin HTTP/1.1" 301 0
[01/Jun/2026 12:56:12] "GET /api/health HTTP/1.1" 301 0
[01/Jun/2026 12:56:12] "GET /admin/ HTTP/1.1" 302 0
[01/Jun/2026 12:56:12] "GET /api/health/ HTTP/1.1" 200 5299
[01/Jun/2026 12:56:12] "GET /admin/login/?next=/admin/ HTTP/1.1" 200 4311
C:\Users\a0947\Documents\store\config\settings.py changed, reloading.
Watching for file changes with StatReloader
C:\Users\a0947\Documents\store\config\urls.py changed, reloading.
Watching for file changes with StatReloader
C:\Users\a0947\Documents\store\apps\site\views.py changed, reloading.
Watching for file changes with StatReloader
C:\Users\a0947\Documents\store\apps\site\forms.py changed, reloading.
Watching for file changes with StatReloader
[01/Jun/2026 15:38:13] "GET / HTTP/1.1" 200 6008
[01/Jun/2026 15:38:13] "GET /static/site/css/app.css HTTP/1.1" 200 6393
[01/Jun/2026 15:38:13] "GET /static/site/js/app.js HTTP/1.1" 200 565
Not Found: /favicon.ico
[01/Jun/2026 15:38:13] "GET /favicon.ico HTTP/1.1" 404 5877
[01/Jun/2026 15:38:14] "GET /auth/register/ HTTP/1.1" 200 3455
[01/Jun/2026 15:38:15] "POST /auth/register/ HTTP/1.1" 302 0
[01/Jun/2026 15:38:15] "GET /dashboard/ HTTP/1.1" 200 4053
[01/Jun/2026 15:38:16] "GET /control/ HTTP/1.1" 302 0
Not Found: /accounts/login/
[01/Jun/2026 15:38:16] "GET /accounts/login/?next=/control/ HTTP/1.1" 404 5904
[01/Jun/2026 15:38:16] "GET /admin/ HTTP/1.1" 302 0
[01/Jun/2026 15:38:16] "GET /admin/login/?next=/admin/ HTTP/1.1" 200 3907
[01/Jun/2026 15:38:16] "GET /static/admin/css/dark_mode.css HTTP/1.1" 200 2804
[01/Jun/2026 15:38:16] "GET /static/admin/css/base.css HTTP/1.1" 200 22092
[01/Jun/2026 15:38:16] "GET /static/admin/css/nav_sidebar.css HTTP/1.1" 200 2810
[01/Jun/2026 15:38:16] "GET /static/admin/css/login.css HTTP/1.1" 200 951
[01/Jun/2026 15:38:16] "GET /static/admin/css/rtl.css HTTP/1.1" 200 4696
[01/Jun/2026 15:38:16] "GET /static/admin/css/responsive_rtl.css HTTP/1.1" 200 2544
[01/Jun/2026 15:38:16] "GET /static/admin/js/theme.js HTTP/1.1" 200 1653
[01/Jun/2026 15:38:16] "GET /static/admin/css/responsive.css HTTP/1.1" 200 17972
[01/Jun/2026 15:38:16] "GET /static/admin/js/nav_sidebar.js HTTP/1.1" 200 3063
[01/Jun/2026 15:38:17] "POST /admin/login/?next=/admin/ HTTP/1.1" 302 0
[01/Jun/2026 15:38:17] "GET /admin/ HTTP/1.1" 200 20475
[01/Jun/2026 15:38:17] "GET /static/admin/css/dashboard.css HTTP/1.1" 200 441
[01/Jun/2026 15:38:17] "GET /static/admin/img/icon-addlink.svg HTTP/1.1" 200 331
[01/Jun/2026 15:38:17] "GET /static/admin/img/icon-changelink.svg HTTP/1.1" 200 380
[01/Jun/2026 15:38:18] "GET /admin/ HTTP/1.1" 200 20475
C:\Users\a0947\Documents\store\config\settings.py changed, reloading.
Watching for file changes with StatReloader
[01/Jun/2026 15:39:07] "GET /auth/login/ HTTP/1.1" 200 2987
[01/Jun/2026 15:39:07] "GET /static/site/css/app.css HTTP/1.1" 200 6393
[01/Jun/2026 15:39:07] "GET /static/site/js/app.js HTTP/1.1" 200 565
Not Found: /favicon.ico
[01/Jun/2026 15:39:08] "GET /favicon.ico HTTP/1.1" 404 5877
[01/Jun/2026 15:39:09] "POST /auth/login/ HTTP/1.1" 302 0
[01/Jun/2026 15:39:09] "GET /dashboard/ HTTP/1.1" 200 4017
[01/Jun/2026 15:39:09] "GET /control/ HTTP/1.1" 200 4824
[01/Jun/2026 15:39:31] "GET /admin/login/?next=/admin/ HTTP/1.1" 200 4311
[01/Jun/2026 15:39:31] "GET /static/admin/css/base.css HTTP/1.1" 200 22092
[01/Jun/2026 15:39:31] "GET /static/admin/css/login.css HTTP/1.1" 200 951
[01/Jun/2026 15:39:31] "GET /static/admin/css/dark_mode.css HTTP/1.1" 200 2804
[01/Jun/2026 15:39:31] "GET /static/admin/css/nav_sidebar.css HTTP/1.1" 200 2810
[01/Jun/2026 15:39:31] "GET /static/admin/js/theme.js HTTP/1.1" 200 1653
[01/Jun/2026 15:39:31] "GET /static/admin/css/rtl.css HTTP/1.1" 200 4696
[01/Jun/2026 15:39:31] "GET /static/admin/css/responsive_rtl.css HTTP/1.1" 200 2544
[01/Jun/2026 15:39:31] "GET /static/admin/css/responsive.css HTTP/1.1" 200 17972
[01/Jun/2026 15:39:31] "GET /static/admin/js/nav_sidebar.js HTTP/1.1" 200 3063
Not Found: /favicon.ico
[01/Jun/2026 15:39:31] "GET /favicon.ico HTTP/1.1" 404 5877
[01/Jun/2026 15:40:01] "GET /catalog/pubg-uc/ HTTP/1.1" 200 6522
[01/Jun/2026 15:40:01] "GET /static/site/css/app.css HTTP/1.1" 200 6393
[01/Jun/2026 15:40:01] "GET /static/site/js/app.js HTTP/1.1" 200 565
Not Found: /favicon.ico
[01/Jun/2026 15:40:02] "GET /favicon.ico HTTP/1.1" 404 5877
C:\Users\a0947\Documents\store\apps\site\forms.py changed, reloading.
Watching for file changes with StatReloader
[01/Jun/2026 15:41:20] "GET /catalog/pubg-uc/ HTTP/1.1" 200 6584
[01/Jun/2026 15:41:20] "GET /static/site/css/app.css HTTP/1.1" 200 6393
[01/Jun/2026 15:41:20] "GET /static/site/js/app.js HTTP/1.1" 200 565
Not Found: /favicon.ico
[01/Jun/2026 15:41:21] "GET /favicon.ico HTTP/1.1" 404 5877
[01/Jun/2026 15:41:42] "GET /auth/register/ HTTP/1.1" 200 3455
[01/Jun/2026 15:41:42] "GET /static/site/css/app.css HTTP/1.1" 200 6393
[01/Jun/2026 15:41:42] "GET /static/site/js/app.js HTTP/1.1" 200 565
Not Found: /favicon.ico
[01/Jun/2026 15:41:43] "GET /favicon.ico HTTP/1.1" 404 5877
[01/Jun/2026 15:41:43] "GET /catalog/ HTTP/1.1" 200 4324
C:\Users\a0947\Documents\store\apps\catalog\models.py changed, reloading.
Watching for file changes with StatReloader
[01/Jun/2026 15:43:12] "GET /admin/login/?next=/admin/ HTTP/1.1" 200 4311
[01/Jun/2026 15:43:12] "GET /static/admin/css/dark_mode.css HTTP/1.1" 200 2804
[01/Jun/2026 15:43:12] "GET /static/admin/css/responsive.css HTTP/1.1" 200 17972
[01/Jun/2026 15:43:12] "GET /static/admin/css/responsive_rtl.css HTTP/1.1" 200 2544
[01/Jun/2026 15:43:12] "GET /static/admin/css/base.css HTTP/1.1" 200 22092
[01/Jun/2026 15:43:12] "GET /static/admin/css/nav_sidebar.css HTTP/1.1" 200 2810
[01/Jun/2026 15:43:12] "GET /static/admin/css/login.css HTTP/1.1" 200 951
[01/Jun/2026 15:43:12] "GET /static/admin/js/theme.js HTTP/1.1" 200 1653
[01/Jun/2026 15:43:12] "GET /static/admin/css/rtl.css HTTP/1.1" 200 4696
[01/Jun/2026 15:43:12] "GET /static/admin/js/nav_sidebar.js HTTP/1.1" 200 3063
Not Found: /favicon.ico
[01/Jun/2026 15:43:12] "GET /favicon.ico HTTP/1.1" 404 5877
[01/Jun/2026 15:43:41] "GET /admin/login/?next=/admin/ HTTP/1.1" 200 4311
[01/Jun/2026 15:43:41] "GET /static/admin/css/base.css HTTP/1.1" 200 22092
[01/Jun/2026 15:43:41] "GET /static/admin/css/nav_sidebar.css HTTP/1.1" 200 2810
[01/Jun/2026 15:43:41] "GET /static/admin/css/dark_mode.css HTTP/1.1" 200 2804
[01/Jun/2026 15:43:41] "GET /static/admin/js/theme.js HTTP/1.1" 200 1653
[01/Jun/2026 15:43:41] "GET /static/admin/css/login.css HTTP/1.1" 200 951
[01/Jun/2026 15:43:41] "GET /static/admin/css/responsive_rtl.css HTTP/1.1" 200 2544
[01/Jun/2026 15:43:41] "GET /static/admin/css/rtl.css HTTP/1.1" 200 4696
[01/Jun/2026 15:43:41] "GET /static/admin/css/responsive.css HTTP/1.1" 200 17972
[01/Jun/2026 15:43:41] "GET /static/admin/js/nav_sidebar.js HTTP/1.1" 200 3063
Not Found: /favicon.ico
[01/Jun/2026 15:43:41] "GET /favicon.ico HTTP/1.1" 404 5877
[01/Jun/2026 15:44:37] "GET / HTTP/1.1" 200 6043
[01/Jun/2026 15:44:37] "GET /static/site/css/app.css HTTP/1.1" 200 6393
[01/Jun/2026 15:44:37] "GET /static/site/js/app.js HTTP/1.1" 200 565
Not Found: /favicon.ico
[01/Jun/2026 15:44:38] "GET /favicon.ico HTTP/1.1" 404 5877
[01/Jun/2026 15:44:55] "GET /catalog/pubg-uc/ HTTP/1.1" 200 6592
[01/Jun/2026 15:45:09] "POST /catalog/pubg-uc/ HTTP/1.1" 302 0
[01/Jun/2026 15:45:09] "GET /auth/login/ HTTP/1.1" 200 3160
[01/Jun/2026 15:45:12] "GET /auth/register/ HTTP/1.1" 200 3455
[01/Jun/2026 15:45:44] "POST /auth/register/ HTTP/1.1" 302 0
[01/Jun/2026 15:45:44] "GET /dashboard/ HTTP/1.1" 200 4053
[01/Jun/2026 15:45:44] "GET /static/site/js/app.js HTTP/1.1" 304 0
[01/Jun/2026 15:45:44] "GET /static/site/css/app.css HTTP/1.1" 304 0
[01/Jun/2026 15:45:56] "GET /control/ HTTP/1.1" 302 0
[01/Jun/2026 15:45:56] "GET /auth/login/?next=/control/ HTTP/1.1" 302 0
[01/Jun/2026 15:45:56] "GET /dashboard/ HTTP/1.1" 200 3864
[01/Jun/2026 15:45:58] "GET /admin/ HTTP/1.1" 302 0
[01/Jun/2026 15:45:58] "GET /admin/login/?next=/admin/ HTTP/1.1" 200 3906
[01/Jun/2026 15:45:58] "GET /static/admin/css/base.css HTTP/1.1" 304 0
[01/Jun/2026 15:45:58] "GET /static/admin/css/dark_mode.css HTTP/1.1" 304 0
[01/Jun/2026 15:45:58] "GET /static/admin/css/nav_sidebar.css HTTP/1.1" 304 0
[01/Jun/2026 15:45:58] "GET /static/admin/css/login.css HTTP/1.1" 304 0
[01/Jun/2026 15:45:58] "GET /static/admin/css/responsive_rtl.css HTTP/1.1" 304 0
[01/Jun/2026 15:45:58] "GET /static/admin/js/theme.js HTTP/1.1" 304 0
[01/Jun/2026 15:45:58] "GET /static/admin/css/rtl.css HTTP/1.1" 304 0
[01/Jun/2026 15:45:58] "GET /static/admin/css/responsive.css HTTP/1.1" 304 0
[01/Jun/2026 15:45:58] "GET /static/admin/js/nav_sidebar.js HTTP/1.1" 304 0
[01/Jun/2026 15:46:09] "GET /catalog/ HTTP/1.1" 200 4273
[01/Jun/2026 15:46:13] "GET /dashboard/ HTTP/1.1" 200 3864
[01/Jun/2026 15:46:20] "GET /dashboard/ HTTP/1.1" 200 3864
[01/Jun/2026 15:46:23] "GET /admin/ HTTP/1.1" 302 0
[01/Jun/2026 15:46:23] "GET /admin/login/?next=/admin/ HTTP/1.1" 200 3906
[01/Jun/2026 15:46:28] "GET /catalog/ HTTP/1.1" 200 4273
[01/Jun/2026 15:46:34] "GET /catalog/youtube-premium/ HTTP/1.1" 200 3368
[01/Jun/2026 15:46:45] "GET /admin/ HTTP/1.1" 302 0
[01/Jun/2026 15:46:45] "GET /admin/login/?next=/admin/ HTTP/1.1" 200 3906
[01/Jun/2026 15:47:23] "POST /admin/login/?next=/admin/ HTTP/1.1" 302 0
[01/Jun/2026 15:47:23] "GET /admin/ HTTP/1.1" 200 20475
[01/Jun/2026 15:47:23] "GET /static/admin/css/dashboard.css HTTP/1.1" 304 0
[01/Jun/2026 15:47:23] "GET /static/admin/img/icon-addlink.svg HTTP/1.1" 304 0
[01/Jun/2026 15:47:23] "GET /static/admin/img/icon-changelink.svg HTTP/1.1" 304 0
[01/Jun/2026 15:47:35] "GET /admin/accounts/user/ HTTP/1.1" 200 25690
[01/Jun/2026 15:47:35] "GET /static/admin/css/changelists.css HTTP/1.1" 304 0
[01/Jun/2026 15:47:35] "GET /static/admin/js/actions.js HTTP/1.1" 304 0
[01/Jun/2026 15:47:35] "GET /static/admin/js/admin/RelatedObjectLookups.js HTTP/1.1" 304 0
[01/Jun/2026 15:47:35] "GET /static/admin/js/core.js HTTP/1.1" 304 0
[01/Jun/2026 15:47:35] "GET /static/admin/js/jquery.init.js HTTP/1.1" 304 0
[01/Jun/2026 15:47:35] "GET /static/admin/js/urlify.js HTTP/1.1" 304 0
[01/Jun/2026 15:47:35] "GET /static/admin/js/prepopulate.js HTTP/1.1" 304 0
[01/Jun/2026 15:47:35] "GET /static/admin/js/vendor/xregexp/xregexp.js HTTP/1.1" 304 0
[01/Jun/2026 15:47:35] "GET /static/admin/js/vendor/jquery/jquery.js HTTP/1.1" 304 0
[01/Jun/2026 15:47:35] "GET /static/admin/img/search.svg HTTP/1.1" 304 0
[01/Jun/2026 15:47:35] "GET /static/admin/img/icon-yes.svg HTTP/1.1" 304 0
[01/Jun/2026 15:47:35] "GET /static/admin/img/icon-no.svg HTTP/1.1" 304 0
[01/Jun/2026 15:47:35] "GET /static/admin/js/filters.js HTTP/1.1" 304 0
[01/Jun/2026 15:47:35] "GET /admin/jsi18n/ HTTP/1.1" 200 14010
[01/Jun/2026 15:47:35] "GET /static/admin/img/tooltag-add.svg HTTP/1.1" 304 0
[01/Jun/2026 15:47:35] "GET /static/admin/img/sorting-icons.svg HTTP/1.1" 304 0
[01/Jun/2026 15:47:35] "GET /static/admin/img/icon-viewlink.svg HTTP/1.1" 304 0
[01/Jun/2026 15:47:56] "GET /admin/catalog/category/ HTTP/1.1" 200 22965
[01/Jun/2026 15:47:56] "GET /admin/jsi18n/ HTTP/1.1" 200 14010
[01/Jun/2026 15:47:59] "GET /admin/catalog/category/00d0497e-2eb7-47aa-bfe9-d83f0a8e3112/change/ HTTP/1.1" 200 23936
[01/Jun/2026 15:47:59] "GET /static/admin/css/forms.css HTTP/1.1" 304 0
[01/Jun/2026 15:47:59] "GET /static/admin/js/prepopulate_init.js HTTP/1.1" 304 0
[01/Jun/2026 15:47:59] "GET /static/admin/css/widgets.css HTTP/1.1" 304 0
[01/Jun/2026 15:47:59] "GET /admin/jsi18n/ HTTP/1.1" 200 14010
[01/Jun/2026 15:47:59] "GET /static/admin/js/change_form.js HTTP/1.1" 304 0
[01/Jun/2026 15:48:06] "GET /admin/catalog/productvariant/ HTTP/1.1" 200 24714
[01/Jun/2026 15:48:06] "GET /admin/jsi18n/ HTTP/1.1" 200 14010
[01/Jun/2026 15:48:11] "GET /admin/catalog/product/ HTTP/1.1" 200 25091
[01/Jun/2026 15:48:12] "GET /admin/jsi18n/ HTTP/1.1" 200 14010
[01/Jun/2026 15:48:16] "GET /admin/notifications/notification/ HTTP/1.1" 200 19713
[01/Jun/2026 15:48:16] "GET /admin/jsi18n/ HTTP/1.1" 200 14010
[01/Jun/2026 15:48:18] "GET /admin/orders/coupon/ HTTP/1.1" 200 19237
[01/Jun/2026 15:48:18] "GET /admin/jsi18n/ HTTP/1.1" 200 14010
[01/Jun/2026 15:48:23] "GET /admin/orders/invoice/ HTTP/1.1" 200 18543
[01/Jun/2026 15:48:23] "GET /admin/jsi18n/ HTTP/1.1" 200 14010
[01/Jun/2026 15:48:26] "GET /admin/payments/depositrequest/ HTTP/1.1" 200 20114
[01/Jun/2026 15:48:26] "GET /admin/jsi18n/ HTTP/1.1" 200 14010
[01/Jun/2026 15:48:30] "GET /admin/services/service/ HTTP/1.1" 200 22283
[01/Jun/2026 15:48:30] "GET /admin/jsi18n/ HTTP/1.1" 200 14010
[01/Jun/2026 15:48:33] "GET /admin/orders/coupon/ HTTP/1.1" 200 19237
[01/Jun/2026 15:48:33] "GET /admin/jsi18n/ HTTP/1.1" 200 14010
[01/Jun/2026 15:48:34] "GET /admin/orders/invoice/ HTTP/1.1" 200 18543
[01/Jun/2026 15:48:34] "GET /admin/jsi18n/ HTTP/1.1" 200 14010
[01/Jun/2026 15:48:36] "GET /admin/orders/order/ HTTP/1.1" 200 19549
[01/Jun/2026 15:48:36] "GET /admin/jsi18n/ HTTP/1.1" 200 14010
[01/Jun/2026 15:48:42] "GET /admin/accounts/securityevent/ HTTP/1.1" 200 22399
[01/Jun/2026 15:48:42] "GET /admin/jsi18n/ HTTP/1.1" 200 14010
[01/Jun/2026 15:48:48] "GET /admin/accounts/usersession/ HTTP/1.1" 200 22510
[01/Jun/2026 15:48:48] "GET /admin/jsi18n/ HTTP/1.1" 200 14010
[01/Jun/2026 15:48:49] "GET /admin/accounts/user/ HTTP/1.1" 200 25690
[01/Jun/2026 15:48:49] "GET /admin/jsi18n/ HTTP/1.1" 200 14010
[01/Jun/2026 15:48:52] "GET /admin/accounts/user/5/change/ HTTP/1.1" 200 42780
[01/Jun/2026 15:48:52] "GET /static/admin/js/calendar.js HTTP/1.1" 304 0
[01/Jun/2026 15:48:52] "GET /static/admin/js/admin/DateTimeShortcuts.js HTTP/1.1" 304 0
[01/Jun/2026 15:48:52] "GET /admin/jsi18n/ HTTP/1.1" 200 14010
[01/Jun/2026 15:48:52] "GET /static/admin/js/SelectFilter2.js HTTP/1.1" 200 15502
[01/Jun/2026 15:48:52] "GET /static/admin/js/SelectBox.js HTTP/1.1" 200 4530
[01/Jun/2026 15:48:52] "GET /static/admin/img/icon-clock.svg HTTP/1.1" 304 0
[01/Jun/2026 15:48:52] "GET /static/admin/img/icon-calendar.svg HTTP/1.1" 304 0
[01/Jun/2026 15:48:52] "GET /static/admin/img/icon-unknown-alt.svg HTTP/1.1" 200 655
[01/Jun/2026 15:48:52] "GET /static/admin/img/icon-unknown.svg HTTP/1.1" 200 655
[01/Jun/2026 15:48:52] "GET /static/admin/img/selector-icons.svg HTTP/1.1" 200 3291
[01/Jun/2026 15:49:06] "GET / HTTP/1.1" 200 5957
[01/Jun/2026 15:49:06] "GET /static/site/css/app.css HTTP/1.1" 304 0
[01/Jun/2026 15:49:06] "GET /static/site/js/app.js HTTP/1.1" 304 0
[01/Jun/2026 15:49:09] "GET /control/ HTTP/1.1" 200 5045
[01/Jun/2026 15:49:20] "GET /dashboard/ HTTP/1.1" 200 3864
[01/Jun/2026 15:49:24] "GET /catalog/ HTTP/1.1" 200 4273
[01/Jun/2026 15:49:28] "GET / HTTP/1.1" 200 5957
[01/Jun/2026 15:49:31] "GET /auth/register/ HTTP/1.1" 302 0
[01/Jun/2026 15:49:31] "GET /dashboard/ HTTP/1.1" 200 3864
[01/Jun/2026 15:49:34] "GET / HTTP/1.1" 200 5957
[01/Jun/2026 15:49:45] "GET / HTTP/1.1" 200 5957
[01/Jun/2026 15:49:45] "GET /catalog/ HTTP/1.1" 200 4273
[01/Jun/2026 15:49:49] "GET /dashboard/ HTTP/1.1" 200 3864
[01/Jun/2026 15:49:50] "GET /control/ HTTP/1.1" 200 5045
[01/Jun/2026 15:49:55] "GET /admin/ HTTP/1.1" 200 20475
[01/Jun/2026 15:49:59] "POST /admin/logout/ HTTP/1.1" 200 3743
[01/Jun/2026 15:50:02] "GET /admin/ HTTP/1.1" 302 0
[01/Jun/2026 15:50:02] "GET /admin/login/?next=/admin/ HTTP/1.1" 200 4311
[01/Jun/2026 15:50:05] "GET / HTTP/1.1" 200 6043
[01/Jun/2026 15:50:09] "GET /control/ HTTP/1.1" 302 0
[01/Jun/2026 15:50:09] "GET /auth/login/?next=/control/ HTTP/1.1" 200 2987
[01/Jun/2026 15:50:12] "GET / HTTP/1.1" 200 6043
C:\Users\a0947\Documents\store\apps\site\views.py changed, reloading.
Watching for file changes with StatReloader
[01/Jun/2026 15:52:48] "GET /auth/register/ HTTP/1.1" 200 3331
[01/Jun/2026 15:52:48] "GET /static/site/css/app.css HTTP/1.1" 200 6393
[01/Jun/2026 15:52:48] "GET /static/site/js/app.js HTTP/1.1" 200 565
Not Found: /favicon.ico
[01/Jun/2026 15:52:49] "GET /favicon.ico HTTP/1.1" 404 6152
[01/Jun/2026 15:52:50] "POST /auth/register/ HTTP/1.1" 302 0
[01/Jun/2026 15:52:50] "GET /dashboard/ HTTP/1.1" 200 4930
[01/Jun/2026 15:52:51] "GET /dashboard/wallet/ HTTP/1.1" 200 2790
[01/Jun/2026 15:52:52] "GET /control/ HTTP/1.1" 302 0
[01/Jun/2026 15:52:52] "GET /admin/login/?next=/control/ HTTP/1.1" 200 3915
[01/Jun/2026 15:52:52] "GET /static/admin/css/base.css HTTP/1.1" 200 22092
[01/Jun/2026 15:52:52] "GET /static/admin/css/nav_sidebar.css HTTP/1.1" 200 2810
[01/Jun/2026 15:52:52] "GET /static/admin/js/theme.js HTTP/1.1" 200 1653
[01/Jun/2026 15:52:52] "GET /static/admin/css/dark_mode.css HTTP/1.1" 200 2804
[01/Jun/2026 15:52:52] "GET /static/admin/css/login.css HTTP/1.1" 200 951
[01/Jun/2026 15:52:52] "GET /static/admin/css/rtl.css HTTP/1.1" 200 4696
[01/Jun/2026 15:52:52] "GET /static/admin/css/responsive.css HTTP/1.1" 200 17972
[01/Jun/2026 15:52:52] "GET /static/admin/css/responsive_rtl.css HTTP/1.1" 200 2544
[01/Jun/2026 15:52:52] "GET /static/admin/js/nav_sidebar.js HTTP/1.1" 200 3063
[01/Jun/2026 15:53:45] "GET /auth/login/?next=/control/ HTTP/1.1" 200 2870
[01/Jun/2026 15:53:45] "GET /static/site/css/app.css HTTP/1.1" 304 0
[01/Jun/2026 15:53:45] "GET /static/site/js/app.js HTTP/1.1" 304 0
[01/Jun/2026 15:53:47] "GET / HTTP/1.1" 200 5926
[01/Jun/2026 15:53:51] "GET /catalog/ HTTP/1.1" 200 4242
[01/Jun/2026 15:53:52] "GET /dashboard/ HTTP/1.1" 302 0
[01/Jun/2026 15:53:52] "GET /auth/login/?next=/dashboard/ HTTP/1.1" 200 2870
[01/Jun/2026 15:53:59] "POST /auth/login/?next=/dashboard/ HTTP/1.1" 302 0
[01/Jun/2026 15:53:59] "GET /dashboard/ HTTP/1.1" 200 5018
[01/Jun/2026 15:54:01] "GET /dashboard/ HTTP/1.1" 200 4865
[01/Jun/2026 15:54:07] "GET /dashboard/wallet/ HTTP/1.1" 200 2914
[01/Jun/2026 15:54:11] "GET /dashboard/deposits/ HTTP/1.1" 200 3198
[01/Jun/2026 15:54:28] "POST /dashboard/deposits/ HTTP/1.1" 302 0
[01/Jun/2026 15:54:28] "GET /dashboard/ HTTP/1.1" 200 5221
[01/Jun/2026 15:54:43] "GET /dashboard/wallet/ HTTP/1.1" 200 2914
[01/Jun/2026 15:54:44] "GET /dashboard/ HTTP/1.1" 200 5020
[01/Jun/2026 15:54:47] "GET /catalog/ HTTP/1.1" 200 4273
[01/Jun/2026 15:54:48] "GET / HTTP/1.1" 200 5957
[01/Jun/2026 15:55:00] "GET /dashboard/ HTTP/1.1" 200 5020
[01/Jun/2026 15:55:02] "GET /catalog/ HTTP/1.1" 200 4273
[01/Jun/2026 15:55:08] "GET /dashboard/deposits/ HTTP/1.1" 200 3198
[01/Jun/2026 15:55:09] "GET /dashboard/wallet/ HTTP/1.1" 200 2914
[01/Jun/2026 15:55:09] "GET /dashboard/deposits/ HTTP/1.1" 200 3198
[01/Jun/2026 15:55:31] "GET / HTTP/1.1" 200 5957
[01/Jun/2026 15:55:34] "GET /admin/ HTTP/1.1" 302 0
[01/Jun/2026 15:55:34] "GET /admin/login/?next=/admin/ HTTP/1.1" 200 3906
[01/Jun/2026 15:55:39] "POST /admin/login/?next=/admin/ HTTP/1.1" 302 0
[01/Jun/2026 15:55:39] "GET /admin/ HTTP/1.1" 200 20475
[01/Jun/2026 15:55:43] "GET /admin/payments/depositrequest/ HTTP/1.1" 200 22950
[01/Jun/2026 15:55:43] "GET /admin/jsi18n/ HTTP/1.1" 200 14010
[01/Jun/2026 15:55:52] "POST /admin/payments/depositrequest/ HTTP/1.1" 302 0
[01/Jun/2026 15:55:52] "GET /admin/payments/depositrequest/ HTTP/1.1" 200 22950
[01/Jun/2026 15:55:52] "GET /admin/jsi18n/ HTTP/1.1" 200 14010
[01/Jun/2026 15:55:55] "GET / HTTP/1.1" 200 6115
[01/Jun/2026 15:55:55] "GET /static/site/css/app.css HTTP/1.1" 304 0
[01/Jun/2026 15:55:55] "GET /static/site/js/app.js HTTP/1.1" 304 0
[01/Jun/2026 15:55:56] "GET /control/ HTTP/1.1" 200 5584
[01/Jun/2026 15:56:13] "GET /admin/payments/depositrequest/ HTTP/1.1" 200 22950
[01/Jun/2026 15:56:13] "GET /admin/jsi18n/ HTTP/1.1" 200 14010
[01/Jun/2026 15:56:17] "GET /dashboard/deposits/ HTTP/1.1" 200 3356
[01/Jun/2026 15:56:20] "GET /dashboard/wallet/ HTTP/1.1" 200 3072
[01/Jun/2026 15:56:21] "GET /dashboard/ HTTP/1.1" 200 5023
[01/Jun/2026 15:56:22] "GET /catalog/ HTTP/1.1" 200 4431
[01/Jun/2026 15:56:27] "GET /control/ HTTP/1.1" 200 5584
[01/Jun/2026 15:56:31] "GET /admin/catalog/product/ HTTP/1.1" 200 25091
[01/Jun/2026 15:56:31] "GET /admin/jsi18n/ HTTP/1.1" 200 14010
[01/Jun/2026 15:56:33] "GET /admin/catalog/product/0d291977-67fa-4f94-afdd-01be371f9fe8/change/ HTTP/1.1" 200 63009
[01/Jun/2026 15:56:33] "GET /static/admin/js/inlines.js HTTP/1.1" 304 0
[01/Jun/2026 15:56:33] "GET /static/admin/img/icon-deletelink.svg HTTP/1.1" 304 0
[01/Jun/2026 15:56:33] "GET /admin/jsi18n/ HTTP/1.1" 200 14010
[01/Jun/2026 15:56:33] "GET /static/admin/img/inline-delete.svg HTTP/1.1" 304 0
[01/Jun/2026 15:57:02] "POST /admin/logout/ HTTP/1.1" 200 3743
[01/Jun/2026 15:57:03] "GET /admin/ HTTP/1.1" 302 0
[01/Jun/2026 15:57:03] "GET /admin/login/?next=/admin/ HTTP/1.1" 200 4311
[01/Jun/2026 15:57:13] "GET /dashboard/wallet/ HTTP/1.1" 302 0
[01/Jun/2026 15:57:13] "GET /auth/login/?next=/dashboard/wallet/ HTTP/1.1" 200 2870
[01/Jun/2026 15:57:13] "GET /static/site/css/app.css HTTP/1.1" 304 0
[01/Jun/2026 15:57:13] "GET /static/site/js/app.js HTTP/1.1" 304 0
[01/Jun/2026 15:57:25] "POST /auth/login/?next=/dashboard/wallet/ HTTP/1.1" 302 0
[01/Jun/2026 15:57:25] "GET /dashboard/ HTTP/1.1" 200 5416
[01/Jun/2026 15:57:38] "GET /catalog/ HTTP/1.1" 200 4273
[01/Jun/2026 15:57:41] "GET /catalog/pubg-uc/ HTTP/1.1" 200 6506
[01/Jun/2026 15:57:53] "POST /catalog/pubg-uc/ HTTP/1.1" 302 0
[01/Jun/2026 15:57:53] "GET /dashboard/ HTTP/1.1" 200 6014
[01/Jun/2026 15:58:11] "GET /dashboard/ HTTP/1.1" 200 5833
[01/Jun/2026 15:58:21] "GET /dashboard/tickets/ HTTP/1.1" 200 3328
[01/Jun/2026 15:58:39] "POST /dashboard/tickets/ HTTP/1.1" 302 0
[01/Jun/2026 15:58:39] "GET /dashboard/tickets/ HTTP/1.1" 200 3659
Forbidden (CSRF token from POST incorrect.): /admin/login/
[01/Jun/2026 15:58:51] "POST /admin/login/?next=/admin/ HTTP/1.1" 403 2529
[01/Jun/2026 15:58:54] "GET / HTTP/1.1" 200 5957
[01/Jun/2026 15:58:58] "GET /dashboard/wallet/ HTTP/1.1" 200 3593
[01/Jun/2026 15:59:00] "GET /dashboard/deposits/ HTTP/1.1" 200 3198
[01/Jun/2026 15:59:08] "GET /logout/ HTTP/1.1" 302 0
[01/Jun/2026 15:59:08] "GET / HTTP/1.1" 200 6071
[01/Jun/2026 15:59:09] "GET /auth/login/ HTTP/1.1" 200 2870
[01/Jun/2026 15:59:14] "GET / HTTP/1.1" 200 5926
[01/Jun/2026 15:59:15] "GET /admin/ HTTP/1.1" 302 0
[01/Jun/2026 15:59:15] "GET /admin/login/?next=/admin/ HTTP/1.1" 200 4311
[01/Jun/2026 15:59:19] "POST /admin/login/?next=/admin/ HTTP/1.1" 302 0
[01/Jun/2026 15:59:19] "GET /admin/ HTTP/1.1" 200 20475
[01/Jun/2026 15:59:23] "GET /admin/support/ticket/ HTTP/1.1" 200 22096
[01/Jun/2026 15:59:23] "GET /admin/jsi18n/ HTTP/1.1" 200 14010
[01/Jun/2026 15:59:28] "GET /admin/support/ticket/a235409c-819c-4d61-afea-3d6630144545/change/ HTTP/1.1" 200 29907
[01/Jun/2026 15:59:28] "GET /admin/jsi18n/ HTTP/1.1" 200 14010
[01/Jun/2026 15:59:38] "POST /admin/support/ticket/a235409c-819c-4d61-afea-3d6630144545/change/ HTTP/1.1" 302 0
[01/Jun/2026 15:59:38] "GET /admin/support/ticket/ HTTP/1.1" 200 22348
[01/Jun/2026 15:59:38] "GET /admin/jsi18n/ HTTP/1.1" 200 14010
[01/Jun/2026 15:59:49] "GET /admin/support/ticket/a235409c-819c-4d61-afea-3d6630144545/change/ HTTP/1.1" 200 29907
[01/Jun/2026 15:59:49] "GET /admin/jsi18n/ HTTP/1.1" 200 14010
[01/Jun/2026 16:00:05] "POST /admin/support/ticket/a235409c-819c-4d61-afea-3d6630144545/change/ HTTP/1.1" 302 0
[01/Jun/2026 16:00:05] "GET /admin/support/ticket/ HTTP/1.1" 200 22335
[01/Jun/2026 16:00:05] "GET /admin/jsi18n/ HTTP/1.1" 200 14010
[01/Jun/2026 16:00:09] "POST /admin/logout/ HTTP/1.1" 200 3743
[01/Jun/2026 16:00:11] "GET /admin/ HTTP/1.1" 302 0
[01/Jun/2026 16:00:11] "GET /admin/login/?next=/admin/ HTTP/1.1" 200 4311
[01/Jun/2026 16:00:14] "GET / HTTP/1.1" 200 5926
[01/Jun/2026 16:00:14] "GET /static/site/css/app.css HTTP/1.1" 304 0
[01/Jun/2026 16:00:14] "GET /static/site/js/app.js HTTP/1.1" 304 0
[01/Jun/2026 16:00:16] "GET /auth/login/ HTTP/1.1" 200 2870
[01/Jun/2026 16:00:31] "POST /auth/login/ HTTP/1.1" 302 0
[01/Jun/2026 16:00:31] "GET /dashboard/ HTTP/1.1" 200 6135
[01/Jun/2026 16:00:44] "GET /dashboard/tickets/ HTTP/1.1" 200 3496
[01/Jun/2026 16:00:54] "GET / HTTP/1.1" 200 5957
[01/Jun/2026 16:00:55] "GET /dashboard/ HTTP/1.1" 200 5982
[01/Jun/2026 16:01:14] "GET /dashboard/wallet/ HTTP/1.1" 200 3593
[01/Jun/2026 16:01:18] "GET /dashboard/wallet/ HTTP/1.1" 200 3593
[01/Jun/2026 16:01:19] "GET /dashboard/deposits/ HTTP/1.1" 200 3198
[01/Jun/2026 16:01:20] "GET /catalog/ HTTP/1.1" 200 4273
[01/Jun/2026 16:01:21] "GET / HTTP/1.1" 200 5957
[01/Jun/2026 16:01:23] "GET /auth/register/ HTTP/1.1" 302 0
[01/Jun/2026 16:01:23] "GET /dashboard/ HTTP/1.1" 200 5982
[01/Jun/2026 16:01:33] "GET / HTTP/1.1" 200 5957
[01/Jun/2026 16:01:37] "GET /catalog/ HTTP/1.1" 200 4273
[01/Jun/2026 16:01:39] "GET /catalog/?category=subscriptions HTTP/1.1" 200 3368
[01/Jun/2026 16:01:40] "GET /catalog/?category=gift-cards HTTP/1.1" 200 3364
[01/Jun/2026 16:01:40] "GET /catalog/?category=game-topups HTTP/1.1" 200 3343
[01/Jun/2026 16:01:42] "GET /catalog/?category=gift-cards HTTP/1.1" 200 3364
[01/Jun/2026 16:01:43] "GET /catalog/?category=game-topups HTTP/1.1" 200 3343
[01/Jun/2026 16:01:44] "GET /catalog/?category=gift-cards HTTP/1.1" 200 3364
[01/Jun/2026 16:01:45] "GET /catalog/?category=subscriptions HTTP/1.1" 200 3368
[01/Jun/2026 16:01:45] "GET /catalog/ HTTP/1.1" 200 4273
[01/Jun/2026 16:01:51] "GET /dashboard/deposits/ HTTP/1.1" 200 3198
[01/Jun/2026 16:02:17] "GET /logout/ HTTP/1.1" 302 0
[01/Jun/2026 16:02:17] "GET / HTTP/1.1" 200 6071
[01/Jun/2026 16:11:45] "GET / HTTP/1.1" 200 5926
[01/Jun/2026 16:11:45] "GET /static/site/css/app.css HTTP/1.1" 304 0
[01/Jun/2026 16:11:45] "GET /static/site/js/app.js HTTP/1.1" 304 0
[01/Jun/2026 16:11:46] "GET /catalog/ HTTP/1.1" 200 4242
[01/Jun/2026 16:11:47] "GET /dashboard/ HTTP/1.1" 302 0
[01/Jun/2026 16:11:47] "GET /auth/login/?next=/dashboard/ HTTP/1.1" 200 2870
[01/Jun/2026 16:11:48] "GET / HTTP/1.1" 200 5926
[01/Jun/2026 16:13:50] "GET /auth/login/ HTTP/1.1" 200 2870
[01/Jun/2026 16:13:55] "POST /auth/login/ HTTP/1.1" 302 0
[01/Jun/2026 16:13:55] "GET /dashboard/ HTTP/1.1" 200 6135
[01/Jun/2026 16:14:02] "GET /dashboard/ HTTP/1.1" 200 5982
[01/Jun/2026 16:14:05] "GET /catalog/ HTTP/1.1" 200 4273
[01/Jun/2026 16:14:08] "GET /catalog/youtube-premium/ HTTP/1.1" 200 3368
[01/Jun/2026 16:14:11] "GET /logout/ HTTP/1.1" 302 0
[01/Jun/2026 16:14:11] "GET / HTTP/1.1" 200 6071
[01/Jun/2026 16:14:18] "GET /admin/ HTTP/1.1" 302 0
[01/Jun/2026 16:14:18] "GET /admin/login/?next=/admin/ HTTP/1.1" 200 4311
[01/Jun/2026 16:14:22] "POST /admin/login/?next=/admin/ HTTP/1.1" 302 0
[01/Jun/2026 16:14:22] "GET /admin/ HTTP/1.1" 200 21301
[01/Jun/2026 16:14:27] "GET /admin/catalog/category/ HTTP/1.1" 200 22965
[01/Jun/2026 16:14:27] "GET /admin/jsi18n/ HTTP/1.1" 200 14010
[01/Jun/2026 16:14:32] "GET /admin/catalog/category/1e4afd3b-117f-480b-9bad-3fcce0a45da0/change/ HTTP/1.1" 200 23911
[01/Jun/2026 16:14:32] "GET /admin/jsi18n/ HTTP/1.1" 200 14010
[01/Jun/2026 16:14:40] "GET /admin/catalog/productvariant/ HTTP/1.1" 200 24714
[01/Jun/2026 16:14:40] "GET /admin/jsi18n/ HTTP/1.1" 200 14010
[01/Jun/2026 16:14:47] "GET /admin/catalog/productvariant/f16e8d64-93a8-4eb5-b6f6-dfe3fef7bccd/change/ HTTP/1.1" 200 25741
[01/Jun/2026 16:14:47] "GET /admin/jsi18n/ HTTP/1.1" 200 14010
[01/Jun/2026 16:14:50] "GET /admin/notifications/notification/ HTTP/1.1" 200 19713
[01/Jun/2026 16:14:50] "GET /admin/jsi18n/ HTTP/1.1" 200 14010
[01/Jun/2026 16:14:52] "GET /admin/notifications/notification/add/ HTTP/1.1" 200 23603
[01/Jun/2026 16:14:52] "GET /admin/jsi18n/ HTTP/1.1" 200 14010
[01/Jun/2026 16:15:27] "POST /admin/notifications/notification/add/ HTTP/1.1" 302 0
[01/Jun/2026 16:15:27] "GET /admin/notifications/notification/ HTTP/1.1" 200 22266
[01/Jun/2026 16:15:27] "GET /admin/jsi18n/ HTTP/1.1" 200 14010
[01/Jun/2026 16:15:35] "GET /admin/notifications/notification/fb4bcf2a-fb34-4ad2-8b55-f8afef7c84a9/change/ HTTP/1.1" 200 24021
[01/Jun/2026 16:15:35] "GET /admin/jsi18n/ HTTP/1.1" 200 14010
[01/Jun/2026 16:15:59] "GET /admin/accounts/user/5/change/?_to_field=id HTTP/1.1" 200 42829
[01/Jun/2026 16:15:59] "GET /admin/jsi18n/ HTTP/1.1" 200 14010
[01/Jun/2026 16:16:02] "GET /admin/notifications/notification/fb4bcf2a-fb34-4ad2-8b55-f8afef7c84a9/change/ HTTP/1.1" 200 24021
[01/Jun/2026 16:16:04] "POST /admin/notifications/notification/fb4bcf2a-fb34-4ad2-8b55-f8afef7c84a9/change/ HTTP/1.1" 302 0
[01/Jun/2026 16:16:04] "GET /admin/notifications/notification/ HTTP/1.1" 200 22266
[01/Jun/2026 16:16:04] "GET /admin/jsi18n/ HTTP/1.1" 200 14010
[01/Jun/2026 16:16:08] "GET /admin/notifications/notification/add/ HTTP/1.1" 200 23603
[01/Jun/2026 16:16:08] "GET /admin/jsi18n/ HTTP/1.1" 200 14010
[01/Jun/2026 16:16:22] "POST /admin/notifications/notification/add/ HTTP/1.1" 302 0
[01/Jun/2026 16:16:22] "GET /admin/notifications/notification/ HTTP/1.1" 200 22868
[01/Jun/2026 16:16:23] "GET /admin/jsi18n/ HTTP/1.1" 200 14010
[01/Jun/2026 16:16:29] "GET /admin/orders/coupon/ HTTP/1.1" 200 19237
[01/Jun/2026 16:16:29] "GET /admin/jsi18n/ HTTP/1.1" 200 14010
[01/Jun/2026 16:16:41] "GET /admin/orders/invoice/ HTTP/1.1" 200 20628
[01/Jun/2026 16:16:41] "GET /admin/jsi18n/ HTTP/1.1" 200 14010
[01/Jun/2026 16:16:43] "GET /admin/orders/invoice/23247db4-97bf-43a2-aaad-6abd7c12f52f/change/ HTTP/1.1" 200 21895
[01/Jun/2026 16:16:43] "GET /admin/jsi18n/ HTTP/1.1" 200 14010
[01/Jun/2026 16:16:53] "GET /admin/orders/invoice/ HTTP/1.1" 200 20628
[01/Jun/2026 16:16:53] "GET /admin/jsi18n/ HTTP/1.1" 200 14010
[01/Jun/2026 16:16:59] "GET /admin/orders/order/ HTTP/1.1" 200 21782
[01/Jun/2026 16:16:59] "GET /admin/jsi18n/ HTTP/1.1" 200 14010
[01/Jun/2026 16:17:00] "GET /admin/orders/order/5d101050-b82c-4ca8-b4e0-2fc659aa86d6/change/ HTTP/1.1" 200 34620
[01/Jun/2026 16:17:01] "GET /admin/jsi18n/ HTTP/1.1" 200 14010
[01/Jun/2026 16:17:23] "POST /admin/orders/order/5d101050-b82c-4ca8-b4e0-2fc659aa86d6/change/ HTTP/1.1" 302 0
[01/Jun/2026 16:17:23] "GET /admin/orders/order/ HTTP/1.1" 200 22013
[01/Jun/2026 16:17:23] "GET /admin/jsi18n/ HTTP/1.1" 200 14010
[01/Jun/2026 16:17:26] "GET /admin/payments/depositrequest/ HTTP/1.1" 200 22950
[01/Jun/2026 16:17:26] "GET /admin/jsi18n/ HTTP/1.1" 200 14010
[01/Jun/2026 16:17:29] "GET /admin/payments/depositrequest/0a455d93-3483-456f-a5d0-f058ba8fdc18/change/ HTTP/1.1" 200 33223
[01/Jun/2026 16:17:29] "GET /admin/jsi18n/ HTTP/1.1" 200 14010
[01/Jun/2026 16:17:37] "GET /admin/payments/paymentprovider/ HTTP/1.1" 200 22639
[01/Jun/2026 16:17:37] "GET /admin/jsi18n/ HTTP/1.1" 200 14010
[01/Jun/2026 16:17:43] "GET /admin/payments/paymentprovider/add/ HTTP/1.1" 200 21740
[01/Jun/2026 16:17:43] "GET /admin/jsi18n/ HTTP/1.1" 200 14010
[01/Jun/2026 16:17:49] "GET /admin/orders/invoice/ HTTP/1.1" 200 20628
[01/Jun/2026 16:17:49] "GET /admin/jsi18n/ HTTP/1.1" 200 14010
[01/Jun/2026 16:17:52] "GET /admin/payments/depositrequest/ HTTP/1.1" 200 22950
[01/Jun/2026 16:17:52] "GET /admin/jsi18n/ HTTP/1.1" 200 14010
[01/Jun/2026 16:17:55] "GET /admin/orders/order/ HTTP/1.1" 200 21769
[01/Jun/2026 16:17:55] "GET /admin/jsi18n/ HTTP/1.1" 200 14010
[01/Jun/2026 16:17:57] "GET /admin/payments/depositrequest/ HTTP/1.1" 200 22950
[01/Jun/2026 16:17:57] "GET /admin/jsi18n/ HTTP/1.1" 200 14010
[01/Jun/2026 16:17:59] "GET /admin/wallets/ledgerentry/ HTTP/1.1" 200 22720
[01/Jun/2026 16:17:59] "GET /admin/jsi18n/ HTTP/1.1" 200 14010
[01/Jun/2026 16:18:02] "GET /admin/orders/order/ HTTP/1.1" 200 21769
[01/Jun/2026 16:18:02] "GET /admin/jsi18n/ HTTP/1.1" 200 14010
[01/Jun/2026 16:18:04] "GET /admin/payments/depositrequest/ HTTP/1.1" 200 22950
[01/Jun/2026 16:18:04] "GET /admin/jsi18n/ HTTP/1.1" 200 14010
[01/Jun/2026 16:18:06] "GET /admin/wallets/wallet/ HTTP/1.1" 200 24271
[01/Jun/2026 16:18:06] "GET /admin/jsi18n/ HTTP/1.1" 200 14010
[01/Jun/2026 16:18:12] "GET /admin/wallets/wallet/2eaf495f-4bcc-4ce7-8d3b-aca5edd1c602/change/ HTTP/1.1" 200 22712
[01/Jun/2026 16:18:12] "GET /admin/jsi18n/ HTTP/1.1" 200 14010
[01/Jun/2026 16:18:16] "POST /admin/wallets/wallet/2eaf495f-4bcc-4ce7-8d3b-aca5edd1c602/change/ HTTP/1.1" 302 0
[01/Jun/2026 16:18:16] "GET /admin/wallets/wallet/ HTTP/1.1" 200 24536
[01/Jun/2026 16:18:16] "GET /admin/jsi18n/ HTTP/1.1" 200 14010
[01/Jun/2026 16:18:22] "GET / HTTP/1.1" 200 6115
[01/Jun/2026 16:18:22] "GET /static/site/css/app.css HTTP/1.1" 304 0
[01/Jun/2026 16:18:22] "GET /static/site/js/app.js HTTP/1.1" 304 0
[01/Jun/2026 16:18:26] "GET /control/ HTTP/1.1" 200 5758
[01/Jun/2026 16:18:32] "GET /logout/ HTTP/1.1" 302 0
[01/Jun/2026 16:18:32] "GET / HTTP/1.1" 200 6071
[01/Jun/2026 16:18:37] "GET /auth/login/ HTTP/1.1" 200 2870
[01/Jun/2026 16:18:43] "POST /auth/login/ HTTP/1.1" 302 0
[01/Jun/2026 16:18:44] "GET /dashboard/ HTTP/1.1" 200 6517
[01/Jun/2026 16:19:05] "GET /dashboard/deposits/ HTTP/1.1" 200 3198
[01/Jun/2026 16:19:07] "GET /dashboard/wallet/ HTTP/1.1" 200 3593
[01/Jun/2026 16:19:13] "GET /dashboard/ HTTP/1.1" 200 6364
[01/Jun/2026 16:19:20] "GET /catalog/ HTTP/1.1" 200 4273
