Performing system checks...

System check identified no issues (0 silenced).
June 01, 2026 - 12:17:16
Django version 5.1.1, using settings 'config.settings'
Starting development server at http://127.0.0.1:8000/
Quit the server with CTRL-BREAK.

Performing system checks...

System check identified no issues (0 silenced).
June 01, 2026 - 15:31:17
Django version 5.1.1, using settings 'config.settings'
Starting development server at http://127.0.0.1:8000/
Quit the server with CTRL-BREAK.

Performing system checks...

System check identified no issues (0 silenced).
June 01, 2026 - 15:31:59
Django version 5.1.1, using settings 'config.settings'
Starting development server at http://127.0.0.1:8000/
Quit the server with CTRL-BREAK.

Performing system checks...

System check identified no issues (0 silenced).
June 01, 2026 - 15:34:13
Django version 5.1.1, using settings 'config.settings'
Starting development server at http://127.0.0.1:8000/
Quit the server with CTRL-BREAK.

Performing system checks...

System check identified no issues (0 silenced).
June 01, 2026 - 15:34:46
Django version 5.1.1, using settings 'config.settings'
Starting development server at http://127.0.0.1:8000/
Quit the server with CTRL-BREAK.

Performing system checks...

System check identified no issues (0 silenced).
June 01, 2026 - 15:38:48
Django version 5.1.1, using settings 'config.settings'
Starting development server at http://127.0.0.1:8000/
Quit the server with CTRL-BREAK.

Performing system checks...

System check identified no issues (0 silenced).
June 01, 2026 - 15:40:42
Django version 5.1.1, using settings 'config.settings'
Starting development server at http://127.0.0.1:8000/
Quit the server with CTRL-BREAK.

Performing system checks...

System check identified no issues (0 silenced).
June 01, 2026 - 15:42:19
Django version 5.1.1, using settings 'config.settings'
Starting development server at http://127.0.0.1:8000/
Quit the server with CTRL-BREAK.

